Open file hadspec.dat.xml
Done Open file hadspec.dat.xml
Read config 1 data hadspec.dat.xml
spec.had.size = 2
spec.had.meson.size = 16
Processing output version 14
Construct filenames
construct_filenames: entering
source_string = .DG2
sink_string = .P
  Mass_1 = 5455
  Mass_2 = 5455
source_string = .DG2
sink_string = .P
Creating meson file names
Creating current file names
Creating baryon file names
source_string = .DG2
sink_string = .DG2
  Mass_1 = 5455
  Mass_2 = 5455
source_string = .DG2
sink_string = .DG2
Creating meson file names
Creating current file names
Creating baryon file names
construct_filenames: exiting
print_files: spec.had.size = 2
print_files: meson = a0.D5455.DG2_1.P_1.SP
print_files: meson = a0_px1_py0_pz0.D5455.DG2_1.P_1.SP
print_files: meson = a0_px1_py1_pz0.D5455.DG2_1.P_1.SP
print_files: meson = a0_px1_py1_pz1.D5455.DG2_1.P_1.SP
print_files: meson = rho_x.D5455.DG2_1.P_1.SP
print_files: meson = rho_x_px1_py0_pz0.D5455.DG2_1.P_1.SP
print_files: meson = rho_x_px1_py1_pz0.D5455.DG2_1.P_1.SP
print_files: meson = rho_x_px1_py1_pz1.D5455.DG2_1.P_1.SP
print_files: meson = rho_y.D5455.DG2_1.P_1.SP
print_files: meson = rho_y_px1_py0_pz0.D5455.DG2_1.P_1.SP
print_files: meson = rho_y_px1_py1_pz0.D5455.DG2_1.P_1.SP
print_files: meson = rho_y_px1_py1_pz1.D5455.DG2_1.P_1.SP
print_files: meson = b1_z.D5455.DG2_1.P_1.SP
print_files: meson = b1_z_px1_py0_pz0.D5455.DG2_1.P_1.SP
print_files: meson = b1_z_px1_py1_pz0.D5455.DG2_1.P_1.SP
print_files: meson = b1_z_px1_py1_pz1.D5455.DG2_1.P_1.SP
print_files: meson = rho_z.D5455.DG2_1.P_1.SP
print_files: meson = rho_z_px1_py0_pz0.D5455.DG2_1.P_1.SP
print_files: meson = rho_z_px1_py1_pz0.D5455.DG2_1.P_1.SP
print_files: meson = rho_z_px1_py1_pz1.D5455.DG2_1.P_1.SP
print_files: meson = b1_y.D5455.DG2_1.P_1.SP
print_files: meson = b1_y_px1_py0_pz0.D5455.DG2_1.P_1.SP
print_files: meson = b1_y_px1_py1_pz0.D5455.DG2_1.P_1.SP
print_files: meson = b1_y_px1_py1_pz1.D5455.DG2_1.P_1.SP
print_files: meson = b1_x.D5455.DG2_1.P_1.SP
print_files: meson = b1_x_px1_py0_pz0.D5455.DG2_1.P_1.SP
print_files: meson = b1_x_px1_py1_pz0.D5455.DG2_1.P_1.SP
print_files: meson = b1_x_px1_py1_pz1.D5455.DG2_1.P_1.SP
print_files: meson = pion.D5455.DG2_2.P_2.SP
print_files: meson = pion_px1_py0_pz0.D5455.DG2_2.P_2.SP
print_files: meson = pion_px1_py1_pz0.D5455.DG2_2.P_2.SP
print_files: meson = pion_px1_py1_pz1.D5455.DG2_2.P_2.SP
print_files: meson = a0.D5455.DG2_2.P_2.SP
print_files: meson = a0_px1_py0_pz0.D5455.DG2_2.P_2.SP
print_files: meson = a0_px1_py1_pz0.D5455.DG2_2.P_2.SP
print_files: meson = a0_px1_py1_pz1.D5455.DG2_2.P_2.SP
print_files: meson = rho_x.D5455.DG2_2.P_2.SP
print_files: meson = rho_x_px1_py0_pz0.D5455.DG2_2.P_2.SP
print_files: meson = rho_x_px1_py1_pz0.D5455.DG2_2.P_2.SP
print_files: meson = rho_x_px1_py1_pz1.D5455.DG2_2.P_2.SP
print_files: meson = rho_y.D5455.DG2_2.P_2.SP
print_files: meson = rho_y_px1_py0_pz0.D5455.DG2_2.P_2.SP
print_files: meson = rho_y_px1_py1_pz0.D5455.DG2_2.P_2.SP
print_files: meson = rho_y_px1_py1_pz1.D5455.DG2_2.P_2.SP
print_files: meson = a1_z.D5455.DG2_1.P_1.SP
print_files: meson = a1_z_px1_py0_pz0.D5455.DG2_1.P_1.SP
print_files: meson = a1_z_px1_py1_pz0.D5455.DG2_1.P_1.SP
print_files: meson = a1_z_px1_py1_pz1.D5455.DG2_1.P_1.SP
print_files: meson = rho_z.D5455.DG2_2.P_2.SP
print_files: meson = rho_z_px1_py0_pz0.D5455.DG2_2.P_2.SP
print_files: meson = rho_z_px1_py1_pz0.D5455.DG2_2.P_2.SP
print_files: meson = rho_z_px1_py1_pz1.D5455.DG2_2.P_2.SP
print_files: meson = a1_y.D5455.DG2_1.P_1.SP
print_files: meson = a1_y_px1_py0_pz0.D5455.DG2_1.P_1.SP
print_files: meson = a1_y_px1_py1_pz0.D5455.DG2_1.P_1.SP
print_files: meson = a1_y_px1_py1_pz1.D5455.DG2_1.P_1.SP
print_files: meson = a1_x.D5455.DG2_1.P_1.SP
print_files: meson = a1_x_px1_py0_pz0.D5455.DG2_1.P_1.SP
print_files: meson = a1_x_px1_py1_pz0.D5455.DG2_1.P_1.SP
print_files: meson = a1_x_px1_py1_pz1.D5455.DG2_1.P_1.SP
print_files: meson = pion.D5455.DG2_1.P_1.SP
print_files: meson = pion_px1_py0_pz0.D5455.DG2_1.P_1.SP
print_files: meson = pion_px1_py1_pz0.D5455.DG2_1.P_1.SP
print_files: meson = pion_px1_py1_pz1.D5455.DG2_1.P_1.SP
print_files: meson = a0.D5455.DG2_1.DG2_1.SS
print_files: meson = a0_px1_py0_pz0.D5455.DG2_1.DG2_1.SS
print_files: meson = a0_px1_py1_pz0.D5455.DG2_1.DG2_1.SS
print_files: meson = a0_px1_py1_pz1.D5455.DG2_1.DG2_1.SS
print_files: meson = rho_x.D5455.DG2_1.DG2_1.SS
print_files: meson = rho_x_px1_py0_pz0.D5455.DG2_1.DG2_1.SS
print_files: meson = rho_x_px1_py1_pz0.D5455.DG2_1.DG2_1.SS
print_files: meson = rho_x_px1_py1_pz1.D5455.DG2_1.DG2_1.SS
print_files: meson = rho_y.D5455.DG2_1.DG2_1.SS
print_files: meson = rho_y_px1_py0_pz0.D5455.DG2_1.DG2_1.SS
print_files: meson = rho_y_px1_py1_pz0.D5455.DG2_1.DG2_1.SS
print_files: meson = rho_y_px1_py1_pz1.D5455.DG2_1.DG2_1.SS
print_files: meson = b1_z.D5455.DG2_1.DG2_1.SS
print_files: meson = b1_z_px1_py0_pz0.D5455.DG2_1.DG2_1.SS
print_files: meson = b1_z_px1_py1_pz0.D5455.DG2_1.DG2_1.SS
print_files: meson = b1_z_px1_py1_pz1.D5455.DG2_1.DG2_1.SS
print_files: meson = rho_z.D5455.DG2_1.DG2_1.SS
print_files: meson = rho_z_px1_py0_pz0.D5455.DG2_1.DG2_1.SS
print_files: meson = rho_z_px1_py1_pz0.D5455.DG2_1.DG2_1.SS
print_files: meson = rho_z_px1_py1_pz1.D5455.DG2_1.DG2_1.SS
print_files: meson = b1_y.D5455.DG2_1.DG2_1.SS
print_files: meson = b1_y_px1_py0_pz0.D5455.DG2_1.DG2_1.SS
print_files: meson = b1_y_px1_py1_pz0.D5455.DG2_1.DG2_1.SS
print_files: meson = b1_y_px1_py1_pz1.D5455.DG2_1.DG2_1.SS
print_files: meson = b1_x.D5455.DG2_1.DG2_1.SS
print_files: meson = b1_x_px1_py0_pz0.D5455.DG2_1.DG2_1.SS
print_files: meson = b1_x_px1_py1_pz0.D5455.DG2_1.DG2_1.SS
print_files: meson = b1_x_px1_py1_pz1.D5455.DG2_1.DG2_1.SS
print_files: meson = pion.D5455.DG2_2.DG2_2.SS
print_files: meson = pion_px1_py0_pz0.D5455.DG2_2.DG2_2.SS
print_files: meson = pion_px1_py1_pz0.D5455.DG2_2.DG2_2.SS
print_files: meson = pion_px1_py1_pz1.D5455.DG2_2.DG2_2.SS
print_files: meson = a0.D5455.DG2_2.DG2_2.SS
print_files: meson = a0_px1_py0_pz0.D5455.DG2_2.DG2_2.SS
print_files: meson = a0_px1_py1_pz0.D5455.DG2_2.DG2_2.SS
print_files: meson = a0_px1_py1_pz1.D5455.DG2_2.DG2_2.SS
print_files: meson = rho_x.D5455.DG2_2.DG2_2.SS
print_files: meson = rho_x_px1_py0_pz0.D5455.DG2_2.DG2_2.SS
print_files: meson = rho_x_px1_py1_pz0.D5455.DG2_2.DG2_2.SS
print_files: meson = rho_x_px1_py1_pz1.D5455.DG2_2.DG2_2.SS
print_files: meson = rho_y.D5455.DG2_2.DG2_2.SS
print_files: meson = rho_y_px1_py0_pz0.D5455.DG2_2.DG2_2.SS
print_files: meson = rho_y_px1_py1_pz0.D5455.DG2_2.DG2_2.SS
print_files: meson = rho_y_px1_py1_pz1.D5455.DG2_2.DG2_2.SS
print_files: meson = a1_z.D5455.DG2_1.DG2_1.SS
print_files: meson = a1_z_px1_py0_pz0.D5455.DG2_1.DG2_1.SS
print_files: meson = a1_z_px1_py1_pz0.D5455.DG2_1.DG2_1.SS
print_files: meson = a1_z_px1_py1_pz1.D5455.DG2_1.DG2_1.SS
print_files: meson = rho_z.D5455.DG2_2.DG2_2.SS
print_files: meson = rho_z_px1_py0_pz0.D5455.DG2_2.DG2_2.SS
print_files: meson = rho_z_px1_py1_pz0.D5455.DG2_2.DG2_2.SS
print_files: meson = rho_z_px1_py1_pz1.D5455.DG2_2.DG2_2.SS
print_files: meson = a1_y.D5455.DG2_1.DG2_1.SS
print_files: meson = a1_y_px1_py0_pz0.D5455.DG2_1.DG2_1.SS
print_files: meson = a1_y_px1_py1_pz0.D5455.DG2_1.DG2_1.SS
print_files: meson = a1_y_px1_py1_pz1.D5455.DG2_1.DG2_1.SS
print_files: meson = a1_x.D5455.DG2_1.DG2_1.SS
print_files: meson = a1_x_px1_py0_pz0.D5455.DG2_1.DG2_1.SS
print_files: meson = a1_x_px1_py1_pz0.D5455.DG2_1.DG2_1.SS
print_files: meson = a1_x_px1_py1_pz1.D5455.DG2_1.DG2_1.SS
print_files: meson = pion.D5455.DG2_1.DG2_1.SS
print_files: meson = pion_px1_py0_pz0.D5455.DG2_1.DG2_1.SS
print_files: meson = pion_px1_py1_pz0.D5455.DG2_1.DG2_1.SS
print_files: meson = pion_px1_py1_pz1.D5455.DG2_1.DG2_1.SS
